Mon Jun 11 2018 13:43:49 GMT+0530 (IST):GET /about
Mon Jun 11 2018 13:43:51 GMT+0530 (IST):GET /home
Mon Jun 11 2018 13:43:52 GMT+0530 (IST):GET /about
Mon Jun 11 2018 13:50:36 GMT+0530 (IST):GET /about
Mon Jun 11 2018 13:50:38 GMT+0530 (IST):GET /home
Mon Jun 11 2018 13:50:41 GMT+0530 (IST):GET /about
Mon Jun 11 2018 13:50:44 GMT+0530 (IST):GET /home
Mon Jun 11 2018 13:50:45 GMT+0530 (IST):GET /about
Mon Jun 11 2018 13:51:47 GMT+0530 (IST):GET /
Mon Jun 11 2018 13:51:52 GMT+0530 (IST):GET /bad
Mon Jun 11 2018 13:51:58 GMT+0530 (IST):GET /home
Mon Jun 11 2018 13:53:42 GMT+0530 (IST):GET /home
Mon Jun 11 2018 13:53:49 GMT+0530 (IST):GET /about
Mon Jun 11 2018 13:54:10 GMT+0530 (IST):GET /
Mon Jun 11 2018 13:54:38 GMT+0530 (IST):GET /home
Mon Jun 11 2018 13:55:59 GMT+0530 (IST):GET /help.html
Mon Jun 11 2018 13:56:02 GMT+0530 (IST):GET /help.html
Mon Jun 11 2018 15:49:52 GMT+0530 (IST):GET /help.html
Mon Jun 11 2018 15:49:55 GMT+0530 (IST):GET /help.html
Mon Jun 11 2018 15:49:59 GMT+0530 (IST):GET /about
Mon Jun 11 2018 16:05:48 GMT+0530 (IST):GET /about
Mon Jun 11 2018 16:05:50 GMT+0530 (IST):GET /projects
Mon Jun 11 2018 16:06:03 GMT+0530 (IST):GET /projects
Mon Jun 11 2018 16:06:06 GMT+0530 (IST):GET /home
Mon Jun 11 2018 16:06:10 GMT+0530 (IST):GET /home
Mon Jun 11 2018 16:06:11 GMT+0530 (IST):GET /about
Mon Jun 11 2018 16:06:13 GMT+0530 (IST):GET /home
Mon Jun 11 2018 16:06:15 GMT+0530 (IST):GET /about
Mon Jun 11 2018 16:06:22 GMT+0530 (IST):GET /projects
Mon Jun 11 2018 16:06:28 GMT+0530 (IST):GET /projects
Mon Jun 11 2018 16:07:16 GMT+0530 (IST):GET /projects
Mon Jun 11 2018 16:07:18 GMT+0530 (IST):GET /projects
Mon Jun 11 2018 16:07:20 GMT+0530 (IST):GET /about
Mon Jun 11 2018 16:07:21 GMT+0530 (IST):GET /home
Mon Jun 11 2018 16:30:05 GMT+0530 (IST):GET /home
Mon Jun 11 2018 16:30:07 GMT+0530 (IST):GET /projects
Mon Jun 11 2018 16:30:08 GMT+0530 (IST):GET /about
Mon Jun 11 2018 16:30:10 GMT+0530 (IST):GET /home
